02:20:25.913 INFO [main] org.lenskit.cli.Main: Starting LensKit 3.0-M1 on Java 1.8.0_111 from Oracle Corporation
02:20:25.942 DEBUG [main] org.lenskit.LenskitInfo: have 5573 active revisions
02:20:25.949 DEBUG [main] org.lenskit.cli.Main: Built from Git revision c0210fa3281ef8b15b0959bcd5fced43c5fec38a
02:20:25.949 DEBUG [main] org.lenskit.cli.Main: Using VM 'Java HotSpot(TM) 64-Bit Server VM' version 25.111-b14 from Oracle Corporation
02:20:25.949 INFO [main] org.lenskit.cli.Main: Have 4 processors and heap limit of 1797 MiB
02:20:25.968 INFO [main] org.lenskit.cli.util.RecommenderLoader: creating fresh recommender
02:20:26.228 INFO [main] org.lenskit.config.ConfigurationLoader: loading script from file:/C:/Users/Admin/Desktop/recommendation%20system%20-%20java%20edition/coding%20ex/nonpers-assignment/etc/lift-assoc.groovy
02:20:26.721 DEBUG [main] org.lenskit.data.dao.file.TextEntitySource: loading source ratings with base URI file:/C:/Users/Admin/Desktop/recommendation%20system%20-%20java%20edition/coding%20ex/nonpers-assignment/data/movielens.yml
02:20:26.722 DEBUG [main] org.lenskit.data.dao.file.TextEntitySource: resolved file URI: file:/C:/Users/Admin/Desktop/recommendation%20system%20-%20java%20edition/coding%20ex/nonpers-assignment/data/ratings.csv
02:20:26.730 INFO [main] org.lenskit.data.dao.file.TextEntitySource: loading text file source ratings to read from file:/C:/Users/Admin/Desktop/recommendation%20system%20-%20java%20edition/coding%20ex/nonpers-assignment/data/ratings.csv
02:20:26.736 DEBUG [main] org.lenskit.data.dao.file.TextEntitySource: ratings: using delimiter ,
02:20:26.736 DEBUG [main] org.lenskit.data.dao.file.TextEntitySource: ratings: reading header
02:20:26.737 DEBUG [main] org.lenskit.data.dao.file.TextEntitySource: ratings: reading entities of type EntityType[rating]
02:20:26.784 DEBUG [main] org.lenskit.data.dao.file.TextEntitySource: class org.lenskit.data.ratings.RatingBuilder: using entity builder {}
02:20:26.784 DEBUG [main] org.lenskit.data.dao.file.TextEntitySource: loading source movies with base URI file:/C:/Users/Admin/Desktop/recommendation%20system%20-%20java%20edition/coding%20ex/nonpers-assignment/data/movielens.yml
02:20:26.784 DEBUG [main] org.lenskit.data.dao.file.TextEntitySource: resolved file URI: file:/C:/Users/Admin/Desktop/recommendation%20system%20-%20java%20edition/coding%20ex/nonpers-assignment/data/movies.csv
02:20:26.784 INFO [main] org.lenskit.data.dao.file.TextEntitySource: loading text file source movies to read from file:/C:/Users/Admin/Desktop/recommendation%20system%20-%20java%20edition/coding%20ex/nonpers-assignment/data/movies.csv
02:20:26.784 DEBUG [main] org.lenskit.data.dao.file.TextEntitySource: movies: using delimiter ,
02:20:26.784 DEBUG [main] org.lenskit.data.dao.file.TextEntitySource: movies: reading header
02:20:26.785 DEBUG [main] org.lenskit.data.dao.file.TextEntitySource: movies: reading entities of type EntityType[item]
02:20:26.785 DEBUG [main] org.lenskit.data.dao.file.TextEntitySource: class org.lenskit.data.entities.BasicEntityBuilder: using entity builder {}
02:20:26.785 DEBUG [main] org.lenskit.data.dao.file.TextEntitySource: loading source tags with base URI file:/C:/Users/Admin/Desktop/recommendation%20system%20-%20java%20edition/coding%20ex/nonpers-assignment/data/movielens.yml
02:20:26.785 DEBUG [main] org.lenskit.data.dao.file.TextEntitySource: resolved file URI: file:/C:/Users/Admin/Desktop/recommendation%20system%20-%20java%20edition/coding%20ex/nonpers-assignment/data/tags.csv
02:20:26.785 INFO [main] org.lenskit.data.dao.file.TextEntitySource: loading text file source tags to read from file:/C:/Users/Admin/Desktop/recommendation%20system%20-%20java%20edition/coding%20ex/nonpers-assignment/data/tags.csv
02:20:26.785 DEBUG [main] org.lenskit.data.dao.file.TextEntitySource: tags: using delimiter ,
02:20:26.786 DEBUG [main] org.lenskit.data.dao.file.TextEntitySource: tags: reading header
02:20:26.786 DEBUG [main] org.lenskit.data.dao.file.TextEntitySource: tags: reading entities of type EntityType[item-tag]
02:20:26.786 DEBUG [main] org.lenskit.data.dao.file.TextEntitySource: class org.lenskit.data.entities.BasicEntityBuilder: using entity builder {}
02:20:26.789 DEBUG [main] org.lenskit.LenskitRecommenderEngineBuilder: building graph from 3 configurations
02:20:26.857 DEBUG [main] org.lenskit.inject.RecommenderInstantiator: replacing nodes in graph with 9 nodes
02:20:26.863 DEBUG [main] org.lenskit.inject.RecommenderInstantiator: found 5 shared nodes
02:20:27.881 INFO [main] org.lenskit.data.dao.file.StaticDataSource: deriving entity type EntityType[user] from EntityType[rating] (column TypedName[user: long])
02:20:27.984 INFO [main] org.lenskit.data.dao.file.StaticDataSource: deriving entity type EntityType[item] from EntityType[rating] (column TypedName[item: long])
02:20:28.030 DEBUG [main] org.lenskit.data.entities.EntityCollectionBuilder: built collection of 2500 entities with type EntityType[item] and 2 indexes
02:20:28.066 DEBUG [main] org.lenskit.data.entities.EntityCollectionBuilder: built collection of 264505 entities with type EntityType[rating] and 2 indexes
02:20:28.086 DEBUG [main] org.lenskit.data.entities.EntityCollectionBuilder: built collection of 94875 entities with type EntityType[item-tag] and 2 indexes
02:20:28.087 DEBUG [main] org.lenskit.data.entities.EntityCollectionBuilder: built collection of 862 entities with type EntityType[user] and 2 indexes
02:20:36.517 DEBUG [main] org.lenskit.mooc.nonpers.assoc.AssociationModel: transforming input map for 2500 items into log data
02:20:36.744 DEBUG [main] org.lenskit.inject.RecommenderInstantiator: final graph has 9 nodes
02:20:36.745 INFO [main] org.lenskit.cli.util.RecommenderLoader: built recommender in 9.956 s
02:20:36.750 INFO [main] org.lenskit.cli.commands.GlobalRecommend: using 1 reference items: [2761]
02:20:36.771 INFO [main] org.lenskit.cli.commands.GlobalRecommend: recommended in 21.42 ms
02:20:36.772 INFO [main] org.lenskit.cli.Main: If you use LensKit in published research, please see http://lenskit.org/research/
