00:19:09.227 INFO [main] org.lenskit.cli.Main: Starting LensKit 3.0-M1 on Java 1.8.0_111 from Oracle Corporation
00:19:09.273 DEBUG [main] org.lenskit.LenskitInfo: have 5573 active revisions
00:19:09.289 DEBUG [main] org.lenskit.cli.Main: Built from Git revision c0210fa3281ef8b15b0959bcd5fced43c5fec38a
00:19:09.289 DEBUG [main] org.lenskit.cli.Main: Using VM 'Java HotSpot(TM) 64-Bit Server VM' version 25.111-b14 from Oracle Corporation
00:19:09.289 INFO [main] org.lenskit.cli.Main: Have 4 processors and heap limit of 1797 MiB
00:19:09.305 INFO [main] org.lenskit.cli.util.RecommenderLoader: creating fresh recommender
00:19:09.664 INFO [main] org.lenskit.config.ConfigurationLoader: loading script from file:/C:/Users/Admin/Desktop/recommendation%20system%20-%20java%20edition/coding%20ex/nonpers-assignment/etc/damped-mean.groovy
00:19:10.315 DEBUG [main] org.lenskit.data.dao.file.TextEntitySource: loading source ratings with base URI file:/C:/Users/Admin/Desktop/recommendation%20system%20-%20java%20edition/coding%20ex/nonpers-assignment/data/movielens.yml
00:19:10.315 DEBUG [main] org.lenskit.data.dao.file.TextEntitySource: resolved file URI: file:/C:/Users/Admin/Desktop/recommendation%20system%20-%20java%20edition/coding%20ex/nonpers-assignment/data/ratings.csv
00:19:10.324 INFO [main] org.lenskit.data.dao.file.TextEntitySource: loading text file source ratings to read from file:/C:/Users/Admin/Desktop/recommendation%20system%20-%20java%20edition/coding%20ex/nonpers-assignment/data/ratings.csv
00:19:10.331 DEBUG [main] org.lenskit.data.dao.file.TextEntitySource: ratings: using delimiter ,
00:19:10.331 DEBUG [main] org.lenskit.data.dao.file.TextEntitySource: ratings: reading header
00:19:10.332 DEBUG [main] org.lenskit.data.dao.file.TextEntitySource: ratings: reading entities of type EntityType[rating]
00:19:10.376 DEBUG [main] org.lenskit.data.dao.file.TextEntitySource: class org.lenskit.data.ratings.RatingBuilder: using entity builder {}
00:19:10.376 DEBUG [main] org.lenskit.data.dao.file.TextEntitySource: loading source movies with base URI file:/C:/Users/Admin/Desktop/recommendation%20system%20-%20java%20edition/coding%20ex/nonpers-assignment/data/movielens.yml
00:19:10.376 DEBUG [main] org.lenskit.data.dao.file.TextEntitySource: resolved file URI: file:/C:/Users/Admin/Desktop/recommendation%20system%20-%20java%20edition/coding%20ex/nonpers-assignment/data/movies.csv
00:19:10.376 INFO [main] org.lenskit.data.dao.file.TextEntitySource: loading text file source movies to read from file:/C:/Users/Admin/Desktop/recommendation%20system%20-%20java%20edition/coding%20ex/nonpers-assignment/data/movies.csv
00:19:10.377 DEBUG [main] org.lenskit.data.dao.file.TextEntitySource: movies: using delimiter ,
00:19:10.377 DEBUG [main] org.lenskit.data.dao.file.TextEntitySource: movies: reading header
00:19:10.377 DEBUG [main] org.lenskit.data.dao.file.TextEntitySource: movies: reading entities of type EntityType[item]
00:19:10.377 DEBUG [main] org.lenskit.data.dao.file.TextEntitySource: class org.lenskit.data.entities.BasicEntityBuilder: using entity builder {}
00:19:10.377 DEBUG [main] org.lenskit.data.dao.file.TextEntitySource: loading source tags with base URI file:/C:/Users/Admin/Desktop/recommendation%20system%20-%20java%20edition/coding%20ex/nonpers-assignment/data/movielens.yml
00:19:10.377 DEBUG [main] org.lenskit.data.dao.file.TextEntitySource: resolved file URI: file:/C:/Users/Admin/Desktop/recommendation%20system%20-%20java%20edition/coding%20ex/nonpers-assignment/data/tags.csv
00:19:10.377 INFO [main] org.lenskit.data.dao.file.TextEntitySource: loading text file source tags to read from file:/C:/Users/Admin/Desktop/recommendation%20system%20-%20java%20edition/coding%20ex/nonpers-assignment/data/tags.csv
00:19:10.378 DEBUG [main] org.lenskit.data.dao.file.TextEntitySource: tags: using delimiter ,
00:19:10.378 DEBUG [main] org.lenskit.data.dao.file.TextEntitySource: tags: reading header
00:19:10.378 DEBUG [main] org.lenskit.data.dao.file.TextEntitySource: tags: reading entities of type EntityType[item-tag]
00:19:10.379 DEBUG [main] org.lenskit.data.dao.file.TextEntitySource: class org.lenskit.data.entities.BasicEntityBuilder: using entity builder {}
00:19:10.382 DEBUG [main] org.lenskit.LenskitRecommenderEngineBuilder: building graph from 3 configurations
00:19:10.449 DEBUG [main] org.lenskit.inject.RecommenderInstantiator: replacing nodes in graph with 10 nodes
00:19:10.455 DEBUG [main] org.lenskit.inject.RecommenderInstantiator: found 6 shared nodes
00:19:11.401 INFO [main] org.lenskit.data.dao.file.StaticDataSource: deriving entity type EntityType[user] from EntityType[rating] (column TypedName[user: long])
00:19:11.504 INFO [main] org.lenskit.data.dao.file.StaticDataSource: deriving entity type EntityType[item] from EntityType[rating] (column TypedName[item: long])
00:19:11.538 DEBUG [main] org.lenskit.data.entities.EntityCollectionBuilder: built collection of 2500 entities with type EntityType[item] and 2 indexes
00:19:11.565 DEBUG [main] org.lenskit.data.entities.EntityCollectionBuilder: built collection of 264505 entities with type EntityType[rating] and 2 indexes
00:19:11.577 DEBUG [main] org.lenskit.data.entities.EntityCollectionBuilder: built collection of 94875 entities with type EntityType[item-tag] and 2 indexes
00:19:11.578 DEBUG [main] org.lenskit.data.entities.EntityCollectionBuilder: built collection of 862 entities with type EntityType[user] and 2 indexes
00:19:12.437 INFO [main] org.lenskit.mooc.nonpers.mean.DampedItemMeanModelProvider: computed mean ratings for 2500 items
00:19:12.458 DEBUG [main] org.lenskit.inject.RecommenderInstantiator: final graph has 10 nodes
00:19:12.460 INFO [main] org.lenskit.cli.util.RecommenderLoader: built recommender in 2.079 s
00:19:12.466 INFO [main] org.lenskit.cli.commands.GlobalRecommend: using 0 reference items: []
00:19:12.467 INFO [main] org.lenskit.mooc.nonpers.mean.MeanItemBasedItemRecommender: computing 10 recommendations from 2500 items
00:19:12.472 INFO [main] org.lenskit.cli.commands.GlobalRecommend: recommended in 5.344 ms
00:19:12.472 INFO [main] org.lenskit.cli.Main: If you use LensKit in published research, please see http://lenskit.org/research/
